<?xml version="1.0" encoding="UTF-8"?>
<!-- Generated by org.testng.reporters.JUnitXMLReporter -->
<testsuite ignored="0" hostname="AlamFaleela" failures="0" tests="1" name="Test" time="0.131" errors="0" timestamp="12 Apr 2023 18:15:18 GMT">
  <testcase classname="com.eCommerce.v001.BaseTest" name="@BeforeClass configureAppium" time="0.087">
    <failure type="java.lang.NullPointerException">
      <![CDATA[java.lang.NullPointerException
at io.appium.java_client.service.local.AppiumDriverLocalService.destroyProcess(AppiumDriverLocalService.java:223)
at io.appium.java_client.service.local.AppiumDriverLocalService.destroyProcess(AppiumDriverLocalService.java:256)
at io.appium.java_client.service.local.AppiumDriverLocalService.start(AppiumDriverLocalService.java:179)
at com.eCommerce.v001.BaseTest.configureAppium(BaseTest.java:44)
... Removed 26 stack frames]]>
    </failure>
  </testcase> <!-- @BeforeClass configureAppium -->
  <testcase classname="com.eCommerce.v001.BaseTest" name="@BeforeMethod startApp" time="0.0">
    <skipped/>
  </testcase> <!-- @BeforeMethod startApp -->
  <testcase classname="com.eCommerce.v001.BaseTest" name="@AfterMethod returnToHome" time="0.0">
    <skipped/>
  </testcase> <!-- @AfterMethod returnToHome -->
  <testcase classname="com.eCommerce.v001.BaseTest" name="@AfterClass tearDown" time="0.0">
    <skipped/>
  </testcase> <!-- @AfterClass tearDown -->
  <testcase classname="com.eCommerce.v001.eCommerce_tc1" name="fillForm" time="0.0">
    <skipped/>
  </testcase> <!-- fillForm -->
</testsuite> <!-- Test -->
